#
# There is insufficient memory for the Java Runtime Environment to continue.
# Native memory allocation (mmap) failed to map 266338304 bytes for Failed to commit area from 0x0000000703600000 to 0x0000000713400000 of length 266338304.
# Possible reasons:
#   The system is out of physical RAM or swap space
#   The process is running with CompressedOops enabled, and the Java Heap may be blocking the growth of the native heap
# Possible solutions:
#   Reduce memory load on the system
#   Increase physical memory or swap space
#   Check if swap backing store is full
#   Decrease Java heap size (-Xmx/-Xms)
#   Decrease number of Java threads
#   Decrease Java thread stack sizes (-Xss)
#   Set larger code cache with -XX:ReservedCodeCacheSize=
# This output file may be truncated or incomplete.
#
#  Out of Memory Error (./src/hotspot/os/windows/os_windows.cpp:3619), pid=16964, tid=9500
#
# JRE version:  (11.0.13+7) (build )
# Java VM: OpenJDK 64-Bit Server VM (11.0.13+7-b1751.19, mixed mode, sharing, tiered, compressed oops, g1 gc, windows-amd64)
# No core dump will be written. Minidumps are not enabled by default on client versions of Windows
#

---------------  S U M M A R Y ------------

Command Line: git4idea.http.GitAskPassApp Username for 'https://github.com': 

Host: Intel(R) Core(TM) i7-10700 CPU @ 2.90GHz, 16 cores, 15G,  Windows 10 , 64 bit Build 19041 (10.0.19041.1706)
Time: Mon May 16 18:13:22 2022 中国标准时间 elapsed time: 0.005498 seconds (0d 0h 0m 0s)

---------------  T H R E A D  ---------------

Current thread (0x000001d9606be000):  JavaThread "Unknown thread" [_thread_in_vm, id=9500, stack(0x000000349bd00000,0x000000349be00000)]

Stack: [0x000000349bd00000,0x000000349be00000]
Native frames: (J=compiled Java code, j=interpreted, Vv=VM code, C=native code)
V  [jvm.dll+0x613ada]
V  [jvm.dll+0x799a80]
V  [jvm.dll+0x79b09d]
V  [jvm.dll+0x79b773]
V  [jvm.dll+0x24c4c8]
V  [jvm.dll+0x610b64]
V  [jvm.dll+0x605855]
V  [jvm.dll+0x30aaeb]
V  [jvm.dll+0x30aa5a]
V  [jvm.dll+0x30a932]
V  [jvm.dll+0x30f896]
V  [jvm.dll+0x359293]
V  [jvm.dll+0x359996]
V  [jvm.dll+0x359393]
V  [jvm.dll+0x2e5308]
V  [jvm.dll+0x2e64b7]
V  [jvm.dll+0x7769c7]
V  [jvm.dll+0x7781bc]
V  [jvm.dll+0x366829]
V  [jvm.dll+0x75a52e]
V  [jvm.dll+0x3d4923]
V  [jvm.dll+0x3d6e91]
C  [jli.dll+0x536b]
C  [ucrtbase.dll+0x21bb2]
C  [KERNEL32.DLL+0x17034]
C  [ntdll.dll+0x52651]


---------------  P R O C E S S  ---------------

Threads class SMR info:
_java_thread_list=0x000001d95e4739e0, length=0, elements={
}

Java Threads: ( => current thread )

Other Threads:
  0x000001d9606d9800 GCTaskThread "GC Thread#0" [stack: 0x000000349be00000,0x000000349bf00000] [id=2344]
  0x000001d960738800 ConcurrentGCThread "G1 Main Marker" [stack: 0x000000349bf00000,0x000000349c000000] [id=23056]
  0x000001d96073b000 ConcurrentGCThread "G1 Conc#0" [stack: 0x000000349c000000,0x000000349c100000] [id=19748]

[error occurred during error reporting (printing all threads), id 0xc0000005, EXCEPTION_ACCESS_VIOLATION (0xc0000005) at pc=0x00007ff91c395b77]

VM state:not at safepoint (not fully initialized)

VM Mutex/Monitor currently owned by a thread:  ([mutex/lock_event])
[0x000001d9606b9ed0] Heap_lock - owner thread: 0x000001d9606be000

Heap address: 0x0000000703600000, size: 4042 MB, Compressed Oops mode: Non-zero based: 0x0000000703600000
Narrow klass base: 0x0000000000000000, Narrow klass shift: 0

GC Heap History (0 events):
No events

Deoptimization events (0 events):
No events

Classes redefined (0 events):
No events

Internal exceptions (0 events):
No events

Events (1 events):
Event: 0.003 Loaded shared library D:\Program Files\JetBrains\PyCharm Community Edition 2021.3\jbr\bin\zip.dll


Dynamic libraries:
0x00007ff74d690000 - 0x00007ff74d69a000 	D:\Program Files\JetBrains\PyCharm Community Edition 2021.3\jbr\bin\java.exe
0x00007ff950c70000 - 0x00007ff950e65000 	C:\windows\SYSTEM32\ntdll.dll
0x00007ff950b70000 - 0x00007ff950c2d000 	C:\windows\System32\KERNEL32.DLL
0x00007ff94e380000 - 0x00007ff94e64d000 	C:\windows\System32\KERNELBASE.dll
0x00007ff94e6e0000 - 0x00007ff94e7e0000 	C:\windows\System32\ucrtbase.dll
0x00007ff923040000 - 0x00007ff923059000 	D:\Program Files\JetBrains\PyCharm Community Edition 2021.3\jbr\bin\jli.dll
0x00007ff91ea60000 - 0x00007ff91ea77000 	D:\Program Files\JetBrains\PyCharm Community Edition 2021.3\jbr\bin\VCRUNTIME140.dll
0x00007ff94f670000 - 0x00007ff94f810000 	C:\windows\System32\USER32.dll
0x00007ff94eae0000 - 0x00007ff94eb02000 	C:\windows\System32\win32u.dll
0x00007ff938120000 - 0x00007ff9383ba000 	C:\windows\WinSxS\amd64_microsoft.windows.common-controls_6595b64144ccf1df_6.0.19041.1110_none_60b5254171f9507e\COMCTL32.dll
0x00007ff94ef40000 - 0x00007ff94ef6a000 	C:\windows\System32\GDI32.dll
0x00007ff94ecc0000 - 0x00007ff94ed5e000 	C:\windows\System32\msvcrt.dll
0x00007ff94eb10000 - 0x00007ff94ec1b000 	C:\windows\System32\gdi32full.dll
0x00007ff94ec20000 - 0x00007ff94ecbd000 	C:\windows\System32\msvcp_win.dll
0x00007ff94ed60000 - 0x00007ff94ed90000 	C:\windows\System32\IMM32.DLL
0x00007ff919a20000 - 0x00007ff919abd000 	D:\Program Files\JetBrains\PyCharm Community Edition 2021.3\jbr\bin\msvcp140.dll
0x00007ff91c0a0000 - 0x00007ff91cc16000 	D:\Program Files\JetBrains\PyCharm Community Edition 2021.3\jbr\bin\server\jvm.dll
0x00007ff94fc60000 - 0x00007ff94fd0e000 	C:\windows\System32\ADVAPI32.dll
0x00007ff94ed90000 - 0x00007ff94ee2c000 	C:\windows\System32\sechost.dll
0x00007ff94f330000 - 0x00007ff94f455000 	C:\windows\System32\RPCRT4.dll
0x00007ff94ef30000 - 0x00007ff94ef38000 	C:\windows\System32\PSAPI.DLL
0x00007ff8e0980000 - 0x00007ff8e0989000 	C:\windows\SYSTEM32\WSOCK32.dll
0x00007ff93ce30000 - 0x00007ff93ce57000 	C:\windows\SYSTEM32\WINMM.dll
0x00007ff949cb0000 - 0x00007ff949cba000 	C:\windows\SYSTEM32\VERSION.dll
0x00007ff94f810000 - 0x00007ff94f87b000 	C:\windows\System32\WS2_32.dll
0x00007ff94c2a0000 - 0x00007ff94c2b2000 	C:\windows\SYSTEM32\kernel.appcore.dll
0x00007ff93cdf0000 - 0x00007ff93ce01000 	D:\Program Files\JetBrains\PyCharm Community Edition 2021.3\jbr\bin\verify.dll
0x00007ff93f530000 - 0x00007ff93f714000 	C:\windows\SYSTEM32\DBGHELP.DLL
0x00007ff93ff20000 - 0x00007ff93ff4c000 	C:\windows\SYSTEM32\dbgcore.DLL
0x00007ff94e650000 - 0x00007ff94e6d2000 	C:\windows\System32\bcryptPrimitives.dll
0x00007ff935bd0000 - 0x00007ff935bf9000 	D:\Program Files\JetBrains\PyCharm Community Edition 2021.3\jbr\bin\java.dll
0x00007ff946770000 - 0x00007ff94677b000 	D:\Program Files\JetBrains\PyCharm Community Edition 2021.3\jbr\bin\jimage.dll
0x00007ff935d90000 - 0x00007ff935da8000 	D:\Program Files\JetBrains\PyCharm Community Edition 2021.3\jbr\bin\zip.dll

dbghelp: loaded successfully - version: 4.0.5 - missing functions: none
symbol engine: initialized successfully - sym options: 0x614 - pdb path: .;D:\Program Files\JetBrains\PyCharm Community Edition 2021.3\jbr\bin;C:\windows\SYSTEM32;C:\windows\WinSxS\amd64_microsoft.windows.common-controls_6595b64144ccf1df_6.0.19041.1110_none_60b5254171f9507e;D:\Program Files\JetBrains\PyCharm Community Edition 2021.3\jbr\bin\server

VM Arguments:
java_command: git4idea.http.GitAskPassApp Username for 'https://github.com': 
java_class_path (initial): D:/Program Files/JetBrains/PyCharm Community Edition 2021.3/plugins/git4idea/lib/git4idea-rt.jar;D:/Program Files/JetBrains/PyCharm Community Edition 2021.3/lib/3rd-party.jar;D:/Program Files/JetBrains/PyCharm Community Edition 2021.3/lib/3rd-party-rt.jar
Launcher Type: SUN_STANDARD

[Global flags]
     intx CICompilerCount                          = 12                                        {product} {ergonomic}
     uint ConcGCThreads                            = 3                                         {product} {ergonomic}
     uint G1ConcRefinementThreads                  = 13                                        {product} {ergonomic}
   size_t G1HeapRegionSize                         = 1048576                                   {product} {ergonomic}
    uintx GCDrainStackTargetSize                   = 64                                        {product} {ergonomic}
   size_t InitialHeapSize                          = 266338304                                 {product} {ergonomic}
   size_t MarkStackSize                            = 4194304                                   {product} {ergonomic}
   size_t MaxHeapSize                              = 4238344192                                {product} {ergonomic}
   size_t MinHeapDeltaBytes                        = 1048576                                   {product} {ergonomic}
    uintx NonNMethodCodeHeapSize                   = 7594288                                {pd product} {ergonomic}
    uintx NonProfiledCodeHeapSize                  = 122031976                              {pd product} {ergonomic}
    uintx ProfiledCodeHeapSize                     = 122031976                              {pd product} {ergonomic}
    uintx ReservedCodeCacheSize                    = 251658240                              {pd product} {ergonomic}
     bool SegmentedCodeCache                       = true                                      {product} {ergonomic}
     bool UseCompressedClassPointers               = true                                 {lp64_product} {ergonomic}
     bool UseCompressedOops                        = true                                 {lp64_product} {ergonomic}
     bool UseG1GC                                  = true                                      {product} {ergonomic}
     bool UseLargePagesIndividualAllocation        = false                                  {pd product} {ergonomic}

Logging:
Log output configuration:
 #0: stdout all=warning uptime,level,tags
 #1: stderr all=off uptime,level,tags

Environment Variables:
CLASSPATH=D:\Program Files\Mosek\9.3\tools\platform\win64x86\bin\mosek.jar
PATH=D:/Program Files/Git/mingw64/libexec/git-core;D:/Program Files/Git/mingw64/libexec/git-core;D:\Program Files\Git\mingw64\bin;D:\Program Files\Git\usr\bin;C:\Users\zhaolicheng\bin;D:\Users\zhaolicheng\Anaconda3;D:\Users\zhaolicheng\Anaconda3\Library\mingw-w64\bin;D:\Users\zhaolicheng\Anaconda3\Library\usr\bin;D:\Users\zhaolicheng\Anaconda3\Library\bin;D:\Users\zhaolicheng\Anaconda3\Scripts;D:\Users\zhaolicheng\Anaconda3\bin;D:\Users\zhaolicheng\Anaconda3\condabin;D:\gurobi950\win64\bin;C:\windows\system32;C:\windows;C:\windows\System32\Wbem;C:\windows\System32\WindowsPowerShell\v1.0\;C:\windows\System32\OpenSSH\;D:\CTEX\CTeX;D:\CTEX\CTeX\Packages\ctex\bin;D:\CTEX\CTeX;D:\CTEX\CTeX\Packages\cct\bin;D:\CTEX\CTeX;D:\CTEX\CTeX\Packages\ty\bin;D:\CTEX\UserData\miktex\bin;D:\CTEX\MiKTeX\miktex\bin;D:\CTEX\CTeX\ctex\bin;D:\CTEX\CTeX\cct\bin;D:\CTEX\CTeX\ty\bin;D:\CTEX\Ghostscript\gs9.05\bin;D:\CTEX\GSview\gsview;D:\CTEX\WinEdt;D:\Program Files (x86)\LyX 2.3\Perl\bin;D:\Program Files\MATLAB\R2021b\bin;D:\Program Files (x86)\NetSarang\Xshell 7\;C:\Program Files (x86)\dotnet\;D:\Program Files\Mosek\9.3\tools\platform\win64x86\bin;D:\Program Files\TortoiseGit\bin;D:\Program Files\Git\cmd;D:\texlive\2021\bin\win32;C:\Users\zhaolicheng\AppData\Local\Microsoft\WindowsApps;D:\CTEX\MiKTeX\miktex\bin\x64\
USERNAME=zhaolicheng
DISPLAY=:0.0
LC_ALL=en_US.UTF-8
OS=Windows_NT
PROCESSOR_IDENTIFIER=Intel64 Family 6 Model 165 Stepping 5, GenuineIntel



---------------  S Y S T E M  ---------------

OS: Windows 10 , 64 bit Build 19041 (10.0.19041.1706)
OS uptime: 2 days 5:44 hours

CPU:total 16 (initial active 16) (8 cores per cpu, 2 threads per core) family 6 model 165 stepping 5 microcode 0xec, cmov, cx8, fxsr, mmx, sse, sse2, sse3, ssse3, sse4.1, sse4.2, popcnt, avx, avx2, aes, clmul, erms, 3dnowpref, lzcnt, ht, tsc, tscinvbit, bmi1, bmi2, adx, fma

Memory: 4k page, system-wide physical 16160M (4891M free)
TotalPageFile size 46543M (AvailPageFile size 21M)
current process WorkingSet (physical memory assigned to process): 10M, peak: 10M
current process commit charge ("private bytes"): 71M, peak: 325M

vm_info: OpenJDK 64-Bit Server VM (11.0.13+7-b1751.19) for windows-amd64 JRE (11.0.13+7-b1751.19), built on Nov  9 2021 11:31:28 by "" with MS VC++ 14.0 (VS2015)

END.
